<?xml version="1.0" encoding="UTF-8"?>
<!-- Generated by org.testng.reporters.JUnitXMLReporter -->
<testsuite hostname="RAJ-PC" name="Default test" tests="67" failures="3" timestamp="4 Dec 2019 15:12:09 GMT" time="4502.99" errors="0">
  <testcase name="Tc_Location_State_01_001" time="34.533" classname="ssms.SSMS_Automation.testCase.AdminModule"/>
  <testcase name="Tc_Location_State_02_002" time="89.1" classname="ssms.SSMS_Automation.testCase.AdminModule"/>
  <testcase name="Tc_Location_state_03_003" time="39.39" classname="ssms.SSMS_Automation.testCase.AdminModule"/>
  <testcase name="Tc_Location_State_04_004" time="29.043" classname="ssms.SSMS_Automation.testCase.AdminModule"/>
  <testcase name="Tc_Location_State_05_005" time="27.821" classname="ssms.SSMS_Automation.testCase.AdminModule"/>
  <testcase name="Tc_Location_State_07_007" time="28.309" classname="ssms.SSMS_Automation.testCase.AdminModule"/>
  <testcase name="Tc_Location_State_08_008" time="61.765" classname="ssms.SSMS_Automation.testCase.AdminModule"/>
  <testcase name="Tc_Location_State_09_009" time="27.768" classname="ssms.SSMS_Automation.testCase.AdminModule"/>
  <testcase name="Tc_Location_State_09_009_duplicate" time="27.754" classname="ssms.SSMS_Automation.testCase.AdminModule"/>
  <testcase name="Tc_Location_State_10_010" time="27.887" classname="ssms.SSMS_Automation.testCase.AdminModule"/>
  <testcase name="Tc_Location_State_11_011" time="28.544" classname="ssms.SSMS_Automation.testCase.AdminModule"/>
  <testcase name="Tc_Location_State_12_012" time="59.907" classname="ssms.SSMS_Automation.testCase.AdminModule"/>
  <testcase name="Tc_Location_State_13_013" time="78.695" classname="ssms.SSMS_Automation.testCase.AdminModule"/>
  <testcase name="Tc_Location_State_16_016" time="40.535" classname="ssms.SSMS_Automation.testCase.AdminModule"/>
  <testcase name="Tc_Location_State_17_017" time="64.472" classname="ssms.SSMS_Automation.testCase.AdminModule"/>
  <testcase name="Tc_Location_State_18_018" time="45.469" classname="ssms.SSMS_Automation.testCase.AdminModule">
    <failure type="java.lang.AssertionError" message="Fail due to exception no such element: Unable to locate element: {&amp;quot;method&amp;quot;:&amp;quot;xpath&amp;quot;,&amp;quot;selector&amp;quot;:&amp;quot;//button[text()=&amp;apos;Name&amp;apos;]/following::span[6]&amp;quot;}
  (Session info: chrome=78.0.3904.108)
For documentation on this error, please visit: http://seleniumhq.org/exceptions/no_such_element.html
Build info: version: &amp;apos;3.4.0&amp;apos;, revision: &amp;apos;unknown&amp;apos;, time: &amp;apos;unknown&amp;apos;
System info: host: &amp;apos;RAJ-PC&amp;apos;, ip: &amp;apos;192.168.0.3&amp;apos;, os.name: &amp;apos;Windows 7&amp;apos;, os.arch: &amp;apos;amd64&amp;apos;, os.version: &amp;apos;6.1&amp;apos;, java.version: &amp;apos;1.8.0_151&amp;apos;
Driver info: org.openqa.selenium.chrome.ChromeDriver
Capabilities [{networkConnectionEnabled=false, chrome={chromedriverVersion=78.0.3904.70 (edb9c9f3de0247fd912a77b7f6cae7447f6d3ad5-refs/branch-heads/3904@{#800}), userDataDir=C:\Users\RAJ\AppData\Local\Temp\scoped_dir6052_2064690478}, timeouts={implicit=0.0, pageLoad=300000.0, script=30000.0}, pageLoadStrategy=normal, unhandledPromptBehavior=dismiss and notify, strictFileInteractability=false, platform=ANY, proxy=Proxy(), goog:chromeOptions={debuggerAddress=localhost:1173}, acceptInsecureCerts=false, browserVersion=78.0.3904.108, browserName=chrome, javascriptEnabled=true, platformName=windows nt, setWindowRect=true}]
Session ID: 61d802ee7aeb98a2aaec0dcd361df4a0
*** Element info: {Using=xpath, value=//button[text()=&amp;apos;Name&amp;apos;]/following::span[6]}">
      <![CDATA[java.lang.AssertionError: Fail due to exception no such element: Unable to locate element: {"method":"xpath","selector":"//button[text()='Name']/following::span[6]"}
  (Session info: chrome=78.0.3904.108)
For documentation on this error, please visit: http://seleniumhq.org/exceptions/no_such_element.html
Build info: version: '3.4.0', revision: 'unknown', time: 'unknown'
System info: host: 'RAJ-PC', ip: '192.168.0.3', os.name: 'Windows 7', os.arch: 'amd64', os.version: '6.1', java.version: '1.8.0_151'
Driver info: org.openqa.selenium.chrome.ChromeDriver
Capabilities [{networkConnectionEnabled=false, chrome={chromedriverVersion=78.0.3904.70 (edb9c9f3de0247fd912a77b7f6cae7447f6d3ad5-refs/branch-heads/3904@{#800}), userDataDir=C:\Users\RAJ\AppData\Local\Temp\scoped_dir6052_2064690478}, timeouts={implicit=0.0, pageLoad=300000.0, script=30000.0}, pageLoadStrategy=normal, unhandledPromptBehavior=dismiss and notify, strictFileInteractability=false, platform=ANY, proxy=Proxy(), goog:chromeOptions={debuggerAddress=localhost:1173}, acceptInsecureCerts=false, browserVersion=78.0.3904.108, browserName=chrome, javascriptEnabled=true, platformName=windows nt, setWindowRect=true}]
Session ID: 61d802ee7aeb98a2aaec0dcd361df4a0
*** Element info: {Using=xpath, value=//button[text()='Name']/following::span[6]}
	at org.testng.Assert.fail(Assert.java:94)
	at ssms.SSMS_Automation.modules.AdminStateModulePage.updateDataCancel(AdminStateModulePage.java:435)
	at ssms.SSMS_Automation.testCase.AdminModule.Tc_Location_State_18_018(AdminModule.java:163)
	at sun.reflect.NativeMethodAccessorImpl.invoke0(Native Method)
	at sun.reflect.NativeMethodAccessorImpl.invoke(NativeMethodAccessorImpl.java:62)
	at sun.reflect.DelegatingMethodAccessorImpl.invoke(DelegatingMethodAccessorImpl.java:43)
	at java.lang.reflect.Method.invoke(Method.java:498)
	at org.testng.internal.MethodInvocationHelper.invokeMethod(MethodInvocationHelper.java:85)
	at org.testng.internal.Invoker.invokeMethod(Invoker.java:639)
	at org.testng.internal.Invoker.invokeTestMethod(Invoker.java:816)
	at org.testng.internal.Invoker.invokeTestMethods(Invoker.java:1124)
	at org.testng.internal.TestMethodWorker.invokeTestMethods(TestMethodWorker.java:125)
	at org.testng.internal.TestMethodWorker.run(TestMethodWorker.java:108)
	at org.testng.TestRunner.privateRun(TestRunner.java:774)
	at org.testng.TestRunner.run(TestRunner.java:624)
	at org.testng.SuiteRunner.runTest(SuiteRunner.java:359)
	at org.testng.SuiteRunner.runSequentially(SuiteRunner.java:354)
	at org.testng.SuiteRunner.privateRun(SuiteRunner.java:312)
	at org.testng.SuiteRunner.run(SuiteRunner.java:261)
	at org.testng.SuiteRunnerWorker.runSuite(SuiteRunnerWorker.java:52)
	at org.testng.SuiteRunnerWorker.run(SuiteRunnerWorker.java:86)
	at org.testng.TestNG.runSuitesSequentially(TestNG.java:1191)
	at org.testng.TestNG.runSuitesLocally(TestNG.java:1116)
	at org.testng.TestNG.run(TestNG.java:1024)
	at org.testng.remote.AbstractRemoteTestNG.run(AbstractRemoteTestNG.java:114)
	at org.testng.remote.RemoteTestNG.initAndRun(RemoteTestNG.java:251)
	at org.testng.remote.RemoteTestNG.main(RemoteTestNG.java:77)
]]>
    </failure>
  </testcase> <!-- Tc_Location_State_18_018 -->
  <testcase name="Tc_Location_State_19_019" time="56.306" classname="ssms.SSMS_Automation.testCase.AdminModule"/>
  <testcase name="Tc_Location_State_20_020" time="29.651" classname="ssms.SSMS_Automation.testCase.AdminModule"/>
  <testcase name="Tc_Location_State_21_021" time="46.547" classname="ssms.SSMS_Automation.testCase.AdminModule"/>
  <testcase name="Tc_Location_State_22_022" time="71.351" classname="ssms.SSMS_Automation.testCase.AdminModule"/>
  <testcase name="Tc_Location_State_23_023" time="56.222" classname="ssms.SSMS_Automation.testCase.AdminModule"/>
  <testcase name="Tc_Location_State_24_024" time="56.388" classname="ssms.SSMS_Automation.testCase.AdminModule"/>
  <testcase name="Tc_Location_State_25_025" time="55.226" classname="ssms.SSMS_Automation.testCase.AdminModule"/>
  <testcase name="Tc_Location_City_25_025_" time="40.597" classname="ssms.SSMS_Automation.testCase.AdminModule"/>
  <testcase name="Tc_Location_City_26_026" time="43.009" classname="ssms.SSMS_Automation.testCase.AdminModule"/>
  <testcase name="Tc_Location_City_27_027" time="79.354" classname="ssms.SSMS_Automation.testCase.AdminModule"/>
  <testcase name="Tc_Location_City_28_028" time="53.209" classname="ssms.SSMS_Automation.testCase.AdminModule"/>
  <testcase name="Tc_Location_City_30_30" time="41.608" classname="ssms.SSMS_Automation.testCase.AdminModule"/>
  <testcase name="Tc_Location_City_32_32" time="38.848" classname="ssms.SSMS_Automation.testCase.AdminModule"/>
  <testcase name="Tc_Location_City_33_33" time="50.334" classname="ssms.SSMS_Automation.testCase.AdminModule"/>
  <testcase name="Tc_Location_City_34_34" time="54.557" classname="ssms.SSMS_Automation.testCase.AdminModule"/>
  <testcase name="Tc_Location_City_35_35" time="56.213" classname="ssms.SSMS_Automation.testCase.AdminModule"/>
  <testcase name="Tc_Location_City_36_36" time="50.341" classname="ssms.SSMS_Automation.testCase.AdminModule"/>
  <testcase name="Tc_Location_City_37_37" time="38.509" classname="ssms.SSMS_Automation.testCase.AdminModule"/>
  <testcase name="Tc_Location_City_38_38" time="37.334" classname="ssms.SSMS_Automation.testCase.AdminModule"/>
  <testcase name="Tc_Location_City_39_39" time="56.062" classname="ssms.SSMS_Automation.testCase.AdminModule"/>
  <testcase name="Tc_Location_City_42_42" time="38.684" classname="ssms.SSMS_Automation.testCase.AdminModule"/>
  <testcase name="Tc_Location_City_43_43" time="83.436" classname="ssms.SSMS_Automation.testCase.AdminModule"/>
  <testcase name="Tc_Location_City_44_44" time="58.616" classname="ssms.SSMS_Automation.testCase.AdminModule"/>
  <testcase name="Tc_Location_City_45_45" time="52.637" classname="ssms.SSMS_Automation.testCase.AdminModule"/>
  <testcase name="Tc_Location_City_46_46" time="85.053" classname="ssms.SSMS_Automation.testCase.AdminModule"/>
  <testcase name="Tc_Location_City_47_47" time="84.94" classname="ssms.SSMS_Automation.testCase.AdminModule"/>
  <testcase name="Tc_Location_City_48_48" time="92.864" classname="ssms.SSMS_Automation.testCase.AdminModule"/>
  <testcase name="Tc_Location_City_49_49" time="101.59" classname="ssms.SSMS_Automation.testCase.AdminModule"/>
  <testcase name="Tc_Location_City_50_50" time="127.177" classname="ssms.SSMS_Automation.testCase.AdminModule"/>
  <testcase name="Tc_Location_City_51_51" time="87.28" classname="ssms.SSMS_Automation.testCase.AdminModule"/>
  <testcase name="Tc_Location_Area_51_51" time="40.561" classname="ssms.SSMS_Automation.testCase.AdminModule"/>
  <testcase name="Tc_Location_Area_52_52" time="42.927" classname="ssms.SSMS_Automation.testCase.AdminModule"/>
  <testcase name="Tc_Location_Area_53_53" time="43.778" classname="ssms.SSMS_Automation.testCase.AdminModule">
    <failure type="java.lang.AssertionError" message="Fail due to exception element click intercepted: Element &amp;lt;span class=&amp;quot;mat-option-text&amp;quot;&amp;gt;...&amp;lt;/span&amp;gt; is not clickable at point (484, 438). Other element would receive the click: &amp;lt;div class=&amp;quot;cdk-overlay-backdrop cdk-overlay-transparent-backdrop cdk-overlay-backdrop-showing&amp;quot;&amp;gt;&amp;lt;/div&amp;gt;
  (Session info: chrome=78.0.3904.108)
Build info: version: &amp;apos;3.4.0&amp;apos;, revision: &amp;apos;unknown&amp;apos;, time: &amp;apos;unknown&amp;apos;
System info: host: &amp;apos;RAJ-PC&amp;apos;, ip: &amp;apos;192.168.0.3&amp;apos;, os.name: &amp;apos;Windows 7&amp;apos;, os.arch: &amp;apos;amd64&amp;apos;, os.version: &amp;apos;6.1&amp;apos;, java.version: &amp;apos;1.8.0_151&amp;apos;
Driver info: org.openqa.selenium.chrome.ChromeDriver
Capabilities [{networkConnectionEnabled=false, chrome={chromedriverVersion=78.0.3904.70 (edb9c9f3de0247fd912a77b7f6cae7447f6d3ad5-refs/branch-heads/3904@{#800}), userDataDir=C:\Users\RAJ\AppData\Local\Temp\scoped_dir7552_220946438}, timeouts={implicit=0.0, pageLoad=300000.0, script=30000.0}, pageLoadStrategy=normal, unhandledPromptBehavior=dismiss and notify, strictFileInteractability=false, platform=ANY, proxy=Proxy(), goog:chromeOptions={debuggerAddress=localhost:4452}, acceptInsecureCerts=false, browserVersion=78.0.3904.108, browserName=chrome, javascriptEnabled=true, platformName=windows nt, setWindowRect=true}]
Session ID: c9b92f003a58e1c0c67df60991e2e1ac">
      <![CDATA[java.lang.AssertionError: Fail due to exception element click intercepted: Element <span class="mat-option-text">...</span> is not clickable at point (484, 438). Other element would receive the click: <div class="cdk-overlay-backdrop cdk-overlay-transparent-backdrop cdk-overlay-backdrop-showing"></div>
  (Session info: chrome=78.0.3904.108)
Build info: version: '3.4.0', revision: 'unknown', time: 'unknown'
System info: host: 'RAJ-PC', ip: '192.168.0.3', os.name: 'Windows 7', os.arch: 'amd64', os.version: '6.1', java.version: '1.8.0_151'
Driver info: org.openqa.selenium.chrome.ChromeDriver
Capabilities [{networkConnectionEnabled=false, chrome={chromedriverVersion=78.0.3904.70 (edb9c9f3de0247fd912a77b7f6cae7447f6d3ad5-refs/branch-heads/3904@{#800}), userDataDir=C:\Users\RAJ\AppData\Local\Temp\scoped_dir7552_220946438}, timeouts={implicit=0.0, pageLoad=300000.0, script=30000.0}, pageLoadStrategy=normal, unhandledPromptBehavior=dismiss and notify, strictFileInteractability=false, platform=ANY, proxy=Proxy(), goog:chromeOptions={debuggerAddress=localhost:4452}, acceptInsecureCerts=false, browserVersion=78.0.3904.108, browserName=chrome, javascriptEnabled=true, platformName=windows nt, setWindowRect=true}]
Session ID: c9b92f003a58e1c0c67df60991e2e1ac
	at org.testng.Assert.fail(Assert.java:94)
	at ssms.SSMS_Automation.modules.AdminCityModulePage.stateSelect(AdminCityModulePage.java:210)
	at ssms.SSMS_Automation.modules.AdminAreaModulePage.selectCityWithState(AdminAreaModulePage.java:144)
	at ssms.SSMS_Automation.testCase.AdminModule.Tc_Location_Area_53_53(AdminModule.java:539)
	at sun.reflect.NativeMethodAccessorImpl.invoke0(Native Method)
	at sun.reflect.NativeMethodAccessorImpl.invoke(NativeMethodAccessorImpl.java:62)
	at sun.reflect.DelegatingMethodAccessorImpl.invoke(DelegatingMethodAccessorImpl.java:43)
	at java.lang.reflect.Method.invoke(Method.java:498)
	at org.testng.internal.MethodInvocationHelper.invokeMethod(MethodInvocationHelper.java:85)
	at org.testng.internal.Invoker.invokeMethod(Invoker.java:639)
	at org.testng.internal.Invoker.invokeTestMethod(Invoker.java:816)
	at org.testng.internal.Invoker.invokeTestMethods(Invoker.java:1124)
	at org.testng.internal.TestMethodWorker.invokeTestMethods(TestMethodWorker.java:125)
	at org.testng.internal.TestMethodWorker.run(TestMethodWorker.java:108)
	at org.testng.TestRunner.privateRun(TestRunner.java:774)
	at org.testng.TestRunner.run(TestRunner.java:624)
	at org.testng.SuiteRunner.runTest(SuiteRunner.java:359)
	at org.testng.SuiteRunner.runSequentially(SuiteRunner.java:354)
	at org.testng.SuiteRunner.privateRun(SuiteRunner.java:312)
	at org.testng.SuiteRunner.run(SuiteRunner.java:261)
	at org.testng.SuiteRunnerWorker.runSuite(SuiteRunnerWorker.java:52)
	at org.testng.SuiteRunnerWorker.run(SuiteRunnerWorker.java:86)
	at org.testng.TestNG.runSuitesSequentially(TestNG.java:1191)
	at org.testng.TestNG.runSuitesLocally(TestNG.java:1116)
	at org.testng.TestNG.run(TestNG.java:1024)
	at org.testng.remote.AbstractRemoteTestNG.run(AbstractRemoteTestNG.java:114)
	at org.testng.remote.RemoteTestNG.initAndRun(RemoteTestNG.java:251)
	at org.testng.remote.RemoteTestNG.main(RemoteTestNG.java:77)
]]>
    </failure>
  </testcase> <!-- Tc_Location_Area_53_53 -->
  <testcase name="Tc_Location_Area_54_54" time="53.667" classname="ssms.SSMS_Automation.testCase.AdminModule"/>
  <testcase name="Tc_Location_Area_55_55" time="41.103" classname="ssms.SSMS_Automation.testCase.AdminModule"/>
  <testcase name="Tc_Location_Area_56_56" time="41.542" classname="ssms.SSMS_Automation.testCase.AdminModule"/>
  <testcase name="Tc_Location_Area_58_58" time="60.345" classname="ssms.SSMS_Automation.testCase.AdminModule"/>
  <testcase name="Tc_Location_Area_59_59" time="92.818" classname="ssms.SSMS_Automation.testCase.AdminModule"/>
  <testcase name="Tc_Location_Area_60_60" time="52.474" classname="ssms.SSMS_Automation.testCase.AdminModule"/>
  <testcase name="Tc_Location_Area_61_61" time="45.814" classname="ssms.SSMS_Automation.testCase.AdminModule"/>
  <testcase name="Tc_Location_Area_62_62" time="41.424" classname="ssms.SSMS_Automation.testCase.AdminModule"/>
  <testcase name="Tc_Location_Area_63_63" time="55.847" classname="ssms.SSMS_Automation.testCase.AdminModule"/>
  <testcase name="Tc_Location_Area_64_64" time="38.471" classname="ssms.SSMS_Automation.testCase.AdminModule"/>
  <testcase name="Tc_Location_Area_65_65" time="106.416" classname="ssms.SSMS_Automation.testCase.AdminModule"/>
  <testcase name="Tc_Location_Area_66_66" time="56.011" classname="ssms.SSMS_Automation.testCase.AdminModule"/>
  <testcase name="Tc_Location_Area_69_69" time="37.81" classname="ssms.SSMS_Automation.testCase.AdminModule"/>
  <testcase name="Tc_Location_Area_70_70" time="67.033" classname="ssms.SSMS_Automation.testCase.AdminModule">
    <failure type="java.lang.AssertionError" message="Fail due to exception element click intercepted: Element &amp;lt;mat-select _ngcontent-c37=&amp;quot;&amp;quot; class=&amp;quot;mat-select ng-tns-c40-73 ng-valid ng-star-inserted mat-select-empty ng-touched ng-dirty&amp;quot; role=&amp;quot;listbox&amp;quot; id=&amp;quot;mat-select-2&amp;quot; tabindex=&amp;quot;0&amp;quot; aria-labelledby=&amp;quot;mat-form-field-label-23&amp;quot; aria-required=&amp;quot;false&amp;quot; aria-disabled=&amp;quot;false&amp;quot; aria-invalid=&amp;quot;false&amp;quot; aria-multiselectable=&amp;quot;false&amp;quot; aria-describedby=&amp;quot;mat-hint-1&amp;quot;&amp;gt;...&amp;lt;/mat-select&amp;gt; is not clickable at point (496, 201). Other element would receive the click: &amp;lt;div class=&amp;quot;cdk-overlay-backdrop cdk-overlay-transparent-backdrop cdk-overlay-backdrop-showing&amp;quot;&amp;gt;&amp;lt;/div&amp;gt;
  (Session info: chrome=78.0.3904.108)
Build info: version: &amp;apos;3.4.0&amp;apos;, revision: &amp;apos;unknown&amp;apos;, time: &amp;apos;unknown&amp;apos;
System info: host: &amp;apos;RAJ-PC&amp;apos;, ip: &amp;apos;192.168.0.3&amp;apos;, os.name: &amp;apos;Windows 7&amp;apos;, os.arch: &amp;apos;amd64&amp;apos;, os.version: &amp;apos;6.1&amp;apos;, java.version: &amp;apos;1.8.0_151&amp;apos;
Driver info: org.openqa.selenium.chrome.ChromeDriver
Capabilities [{networkConnectionEnabled=false, chrome={chromedriverVersion=78.0.3904.70 (edb9c9f3de0247fd912a77b7f6cae7447f6d3ad5-refs/branch-heads/3904@{#800}), userDataDir=C:\Users\RAJ\AppData\Local\Temp\scoped_dir5244_2053519945}, timeouts={implicit=0.0, pageLoad=300000.0, script=30000.0}, pageLoadStrategy=normal, unhandledPromptBehavior=dismiss and notify, strictFileInteractability=false, platform=ANY, proxy=Proxy(), goog:chromeOptions={debuggerAddress=localhost:5790}, acceptInsecureCerts=false, browserVersion=78.0.3904.108, browserName=chrome, javascriptEnabled=true, platformName=windows nt, setWindowRect=true}]
Session ID: ad78f5a2c5d7bbd6cd7624174e57d8d3">
      <![CDATA[java.lang.AssertionError: Fail due to exception element click intercepted: Element <mat-select _ngcontent-c37="" class="mat-select ng-tns-c40-73 ng-valid ng-star-inserted mat-select-empty ng-touched ng-dirty" role="listbox" id="mat-select-2" tabindex="0" aria-labelledby="mat-form-field-label-23" aria-required="false" aria-disabled="false" aria-invalid="false" aria-multiselectable="false" aria-describedby="mat-hint-1">...</mat-select> is not clickable at point (496, 201). Other element would receive the click: <div class="cdk-overlay-backdrop cdk-overlay-transparent-backdrop cdk-overlay-backdrop-showing"></div>
  (Session info: chrome=78.0.3904.108)
Build info: version: '3.4.0', revision: 'unknown', time: 'unknown'
System info: host: 'RAJ-PC', ip: '192.168.0.3', os.name: 'Windows 7', os.arch: 'amd64', os.version: '6.1', java.version: '1.8.0_151'
Driver info: org.openqa.selenium.chrome.ChromeDriver
Capabilities [{networkConnectionEnabled=false, chrome={chromedriverVersion=78.0.3904.70 (edb9c9f3de0247fd912a77b7f6cae7447f6d3ad5-refs/branch-heads/3904@{#800}), userDataDir=C:\Users\RAJ\AppData\Local\Temp\scoped_dir5244_2053519945}, timeouts={implicit=0.0, pageLoad=300000.0, script=30000.0}, pageLoadStrategy=normal, unhandledPromptBehavior=dismiss and notify, strictFileInteractability=false, platform=ANY, proxy=Proxy(), goog:chromeOptions={debuggerAddress=localhost:5790}, acceptInsecureCerts=false, browserVersion=78.0.3904.108, browserName=chrome, javascriptEnabled=true, platformName=windows nt, setWindowRect=true}]
Session ID: ad78f5a2c5d7bbd6cd7624174e57d8d3
	at org.testng.Assert.fail(Assert.java:94)
	at ssms.SSMS_Automation.modules.AdminCityModulePage.stateSelect(AdminCityModulePage.java:210)
	at ssms.SSMS_Automation.modules.AdminAreaModulePage.selectCityWithState(AdminAreaModulePage.java:144)
	at ssms.SSMS_Automation.testCase.AdminModule.Tc_Location_Area_70_70(AdminModule.java:698)
	at sun.reflect.NativeMethodAccessorImpl.invoke0(Native Method)
	at sun.reflect.NativeMethodAccessorImpl.invoke(NativeMethodAccessorImpl.java:62)
	at sun.reflect.DelegatingMethodAccessorImpl.invoke(DelegatingMethodAccessorImpl.java:43)
	at java.lang.reflect.Method.invoke(Method.java:498)
	at org.testng.internal.MethodInvocationHelper.invokeMethod(MethodInvocationHelper.java:85)
	at org.testng.internal.Invoker.invokeMethod(Invoker.java:639)
	at org.testng.internal.Invoker.invokeTestMethod(Invoker.java:816)
	at org.testng.internal.Invoker.invokeTestMethods(Invoker.java:1124)
	at org.testng.internal.TestMethodWorker.invokeTestMethods(TestMethodWorker.java:125)
	at org.testng.internal.TestMethodWorker.run(TestMethodWorker.java:108)
	at org.testng.TestRunner.privateRun(TestRunner.java:774)
	at org.testng.TestRunner.run(TestRunner.java:624)
	at org.testng.SuiteRunner.runTest(SuiteRunner.java:359)
	at org.testng.SuiteRunner.runSequentially(SuiteRunner.java:354)
	at org.testng.SuiteRunner.privateRun(SuiteRunner.java:312)
	at org.testng.SuiteRunner.run(SuiteRunner.java:261)
	at org.testng.SuiteRunnerWorker.runSuite(SuiteRunnerWorker.java:52)
	at org.testng.SuiteRunnerWorker.run(SuiteRunnerWorker.java:86)
	at org.testng.TestNG.runSuitesSequentially(TestNG.java:1191)
	at org.testng.TestNG.runSuitesLocally(TestNG.java:1116)
	at org.testng.TestNG.run(TestNG.java:1024)
	at org.testng.remote.AbstractRemoteTestNG.run(AbstractRemoteTestNG.java:114)
	at org.testng.remote.RemoteTestNG.initAndRun(RemoteTestNG.java:251)
	at org.testng.remote.RemoteTestNG.main(RemoteTestNG.java:77)
]]>
    </failure>
  </testcase> <!-- Tc_Location_Area_70_70 -->
  <testcase name="Tc_Location_Area_71_71" time="78.864" classname="ssms.SSMS_Automation.testCase.AdminModule"/>
  <testcase name="Tc_Location_Area_72_72" time="47.534" classname="ssms.SSMS_Automation.testCase.AdminModule"/>
  <testcase name="Tc_Location_Area_73_73" time="29.675" classname="ssms.SSMS_Automation.testCase.AdminModule"/>
  <testcase name="Tc_Location_Area_74_74" time="90.212" classname="ssms.SSMS_Automation.testCase.AdminModule"/>
</testsuite> <!-- Default test -->
