<?xml version="1.0" encoding="UTF-8"?>
<!-- Generated by org.testng.reporters.JUnitReportReporter -->
<testsuite hostname="RAJ-PC" name="ssms.SSMS_Automation.testCase.AdminModule" tests="67" failures="3" timestamp="4 Dec 2019 15:12:10 GMT" time="4502.832" errors="0">
  <testcase name="Tc_Location_Area_55_55" time="51.929" classname="ssms.SSMS_Automation.testCase.AdminModule"/>
  <testcase name="Tc_Location_Area_58_58" time="71.321" classname="ssms.SSMS_Automation.testCase.AdminModule"/>
  <testcase name="Tc_Location_State_10_010" time="38.705" classname="ssms.SSMS_Automation.testCase.AdminModule"/>
  <testcase name="Tc_Location_City_35_35" time="66.917" classname="ssms.SSMS_Automation.testCase.AdminModule"/>
  <testcase name="Tc_Location_State_08_008" time="75.691" classname="ssms.SSMS_Automation.testCase.AdminModule"/>
  <testcase name="Tc_Location_City_26_026" time="53.971" classname="ssms.SSMS_Automation.testCase.AdminModule"/>
  <testcase name="Tc_Location_City_28_028" time="63.974" classname="ssms.SSMS_Automation.testCase.AdminModule"/>
  <testcase name="Tc_Location_City_42_42" time="53.215" classname="ssms.SSMS_Automation.testCase.AdminModule"/>
  <testcase name="Tc_Location_City_51_51" time="101.396" classname="ssms.SSMS_Automation.testCase.AdminModule"/>
  <testcase name="Tc_Location_State_21_021" time="57.311" classname="ssms.SSMS_Automation.testCase.AdminModule"/>
  <testcase name="Tc_Location_Area_70_70" time="81.716" classname="ssms.SSMS_Automation.testCase.AdminModule">
    <failure type="java.lang.AssertionError" message="Fail due to exception element click intercepted: Element &lt;mat-select _ngcontent-c37=&quot;&quot; class=&quot;mat-select ng-tns-c40-73 ng-valid ng-star-inserted mat-select-empty ng-touched ng-dirty&quot; role=&quot;listbox&quot; id=&quot;mat-select-2&quot; tabindex=&quot;0&quot; aria-labelledby=&quot;mat-form-field-label-23&quot; aria-required=&quot;false&quot; aria-disabled=&quot;false&quot; aria-invalid=&quot;false&quot; aria-multiselectable=&quot;false&quot; aria-describedby=&quot;mat-hint-1&quot;&gt;...&lt;/mat-select&gt; is not clickable at point (496, 201). Other element would receive the click: &lt;div class=&quot;cdk-overlay-backdrop cdk-overlay-transparent-backdrop cdk-overlay-backdrop-showing&quot;&gt;&lt;/div&gt;
  (Session info: chrome=78.0.3904.108)
Build info: version: &#039;3.4.0&#039;, revision: &#039;unknown&#039;, time: &#039;unknown&#039;
System info: host: &#039;RAJ-PC&#039;, ip: &#039;192.168.0.3&#039;, os.name: &#039;Windows 7&#039;, os.arch: &#039;amd64&#039;, os.version: &#039;6.1&#039;, java.version: &#039;1.8.0_151&#039;
Driver info: org.openqa.selenium.chrome.ChromeDriver
Capabilities [{networkConnectionEnabled=false, chrome={chromedriverVersion=78.0.3904.70 (edb9c9f3de0247fd912a77b7f6cae7447f6d3ad5-refs/branch-heads/3904@{#800}), userDataDir=C:\Users\RAJ\AppData\Local\Temp\scoped_dir5244_2053519945}, timeouts={implicit=0.0, pageLoad=300000.0, script=30000.0}, pageLoadStrategy=normal, unhandledPromptBehavior=dismiss and notify, strictFileInteractability=false, platform=ANY, proxy=Proxy(), goog:chromeOptions={debuggerAddress=localhost:5790}, acceptInsecureCerts=false, browserVersion=78.0.3904.108, browserName=chrome, javascriptEnabled=true, platformName=windows nt, setWindowRect=true}]
Session ID: ad78f5a2c5d7bbd6cd7624174e57d8d3">
      <![CDATA[java.lang.AssertionError: Fail due to exception element click intercepted: Element <mat-select _ngcontent-c37="" class="mat-select ng-tns-c40-73 ng-valid ng-star-inserted mat-select-empty ng-touched ng-dirty" role="listbox" id="mat-select-2" tabindex="0" aria-labelledby="mat-form-field-label-23" aria-required="false" aria-disabled="false" aria-invalid="false" aria-multiselectable="false" aria-describedby="mat-hint-1">...</mat-select> is not clickable at point (496, 201). Other element would receive the click: <div class="cdk-overlay-backdrop cdk-overlay-transparent-backdrop cdk-overlay-backdrop-showing"></div>
  (Session info: chrome=78.0.3904.108)
Build info: version: '3.4.0', revision: 'unknown', time: 'unknown'
System info: host: 'RAJ-PC', ip: '192.168.0.3', os.name: 'Windows 7', os.arch: 'amd64', os.version: '6.1', java.version: '1.8.0_151'
Driver info: org.openqa.selenium.chrome.ChromeDriver
Capabilities [{networkConnectionEnabled=false, chrome={chromedriverVersion=78.0.3904.70 (edb9c9f3de0247fd912a77b7f6cae7447f6d3ad5-refs/branch-heads/3904@{#800}), userDataDir=C:\Users\RAJ\AppData\Local\Temp\scoped_dir5244_2053519945}, timeouts={implicit=0.0, pageLoad=300000.0, script=30000.0}, pageLoadStrategy=normal, unhandledPromptBehavior=dismiss and notify, strictFileInteractability=false, platform=ANY, proxy=Proxy(), goog:chromeOptions={debuggerAddress=localhost:5790}, acceptInsecureCerts=false, browserVersion=78.0.3904.108, browserName=chrome, javascriptEnabled=true, platformName=windows nt, setWindowRect=true}]
Session ID: ad78f5a2c5d7bbd6cd7624174e57d8d3
	at org.testng.Assert.fail(Assert.java:94)
	at ssms.SSMS_Automation.modules.AdminCityModulePage.stateSelect(AdminCityModulePage.java:210)
	at ssms.SSMS_Automation.modules.AdminAreaModulePage.selectCityWithState(AdminAreaModulePage.java:144)
	at ssms.SSMS_Automation.testCase.AdminModule.Tc_Location_Area_70_70(AdminModule.java:698)
	at sun.reflect.NativeMethodAccessorImpl.invoke0(Native Method)
	at sun.reflect.NativeMethodAccessorImpl.invoke(NativeMethodAccessorImpl.java:62)
	at sun.reflect.DelegatingMethodAccessorImpl.invoke(DelegatingMethodAccessorImpl.java:43)
	at java.lang.reflect.Method.invoke(Method.java:498)
	at org.testng.internal.MethodInvocationHelper.invokeMethod(MethodInvocationHelper.java:85)
	at org.testng.internal.Invoker.invokeMethod(Invoker.java:639)
	at org.testng.internal.Invoker.invokeTestMethod(Invoker.java:816)
	at org.testng.internal.Invoker.invokeTestMethods(Invoker.java:1124)
	at org.testng.internal.TestMethodWorker.invokeTestMethods(TestMethodWorker.java:125)
	at org.testng.internal.TestMethodWorker.run(TestMethodWorker.java:108)
	at org.testng.TestRunner.privateRun(TestRunner.java:774)
	at org.testng.TestRunner.run(TestRunner.java:624)
	at org.testng.SuiteRunner.runTest(SuiteRunner.java:359)
	at org.testng.SuiteRunner.runSequentially(SuiteRunner.java:354)
	at org.testng.SuiteRunner.privateRun(SuiteRunner.java:312)
	at org.testng.SuiteRunner.run(SuiteRunner.java:261)
	at org.testng.SuiteRunnerWorker.runSuite(SuiteRunnerWorker.java:52)
	at org.testng.SuiteRunnerWorker.run(SuiteRunnerWorker.java:86)
	at org.testng.TestNG.runSuitesSequentially(TestNG.java:1191)
	at org.testng.TestNG.runSuitesLocally(TestNG.java:1116)
	at org.testng.TestNG.run(TestNG.java:1024)
	at org.testng.remote.AbstractRemoteTestNG.run(AbstractRemoteTestNG.java:114)
	at org.testng.remote.RemoteTestNG.initAndRun(RemoteTestNG.java:251)
	at org.testng.remote.RemoteTestNG.main(RemoteTestNG.java:77)
]]>
    </failure>
  </testcase> <!-- Tc_Location_Area_70_70 -->
  <testcase name="Tc_Location_City_32_32" time="49.612" classname="ssms.SSMS_Automation.testCase.AdminModule"/>
  <testcase name="Tc_Location_State_11_011" time="39.770" classname="ssms.SSMS_Automation.testCase.AdminModule"/>
  <testcase name="Tc_Location_Area_61_61" time="56.572" classname="ssms.SSMS_Automation.testCase.AdminModule"/>
  <testcase name="Tc_Location_City_30_30" time="56.009" classname="ssms.SSMS_Automation.testCase.AdminModule"/>
  <testcase name="Tc_Location_Area_66_66" time="66.792" classname="ssms.SSMS_Automation.testCase.AdminModule"/>
  <testcase name="Tc_Location_Area_73_73" time="40.436" classname="ssms.SSMS_Automation.testCase.AdminModule"/>
  <testcase name="Tc_Location_City_48_48" time="103.439" classname="ssms.SSMS_Automation.testCase.AdminModule"/>
  <testcase name="Tc_Location_City_34_34" time="69.212" classname="ssms.SSMS_Automation.testCase.AdminModule"/>
  <testcase name="Tc_Location_State_17_017" time="75.241" classname="ssms.SSMS_Automation.testCase.AdminModule"/>
  <testcase name="Tc_Location_Area_64_64" time="49.275" classname="ssms.SSMS_Automation.testCase.AdminModule"/>
  <testcase name="Tc_Location_State_07_007" time="38.934" classname="ssms.SSMS_Automation.testCase.AdminModule"/>
  <testcase name="Tc_Location_State_05_005" time="38.585" classname="ssms.SSMS_Automation.testCase.AdminModule"/>
  <testcase name="Tc_Location_Area_63_63" time="66.678" classname="ssms.SSMS_Automation.testCase.AdminModule"/>
  <testcase name="Tc_Location_City_50_50" time="140.820" classname="ssms.SSMS_Automation.testCase.AdminModule"/>
  <testcase name="Tc_Location_City_43_43" time="94.160" classname="ssms.SSMS_Automation.testCase.AdminModule"/>
  <testcase name="Tc_Location_City_25_025_" time="51.526" classname="ssms.SSMS_Automation.testCase.AdminModule"/>
  <testcase name="Tc_Location_State_09_009" time="38.789" classname="ssms.SSMS_Automation.testCase.AdminModule"/>
  <testcase name="Tc_Location_State_04_004" time="39.867" classname="ssms.SSMS_Automation.testCase.AdminModule"/>
  <testcase name="Tc_Location_City_39_39" time="68.127" classname="ssms.SSMS_Automation.testCase.AdminModule"/>
  <testcase name="Tc_Location_Area_74_74" time="101.241" classname="ssms.SSMS_Automation.testCase.AdminModule"/>
  <testcase name="Tc_Location_City_44_44" time="70.702" classname="ssms.SSMS_Automation.testCase.AdminModule"/>
  <testcase name="Tc_Location_State_12_012" time="71.989" classname="ssms.SSMS_Automation.testCase.AdminModule"/>
  <testcase name="Tc_Location_Area_69_69" time="48.611" classname="ssms.SSMS_Automation.testCase.AdminModule"/>
  <testcase name="Tc_Location_State_18_018" time="56.398" classname="ssms.SSMS_Automation.testCase.AdminModule">
    <failure type="java.lang.AssertionError" message="Fail due to exception no such element: Unable to locate element: {&quot;method&quot;:&quot;xpath&quot;,&quot;selector&quot;:&quot;//button[text()=&#039;Name&#039;]/following::span[6]&quot;}
  (Session info: chrome=78.0.3904.108)
For documentation on this error, please visit: http://seleniumhq.org/exceptions/no_such_element.html
Build info: version: &#039;3.4.0&#039;, revision: &#039;unknown&#039;, time: &#039;unknown&#039;
System info: host: &#039;RAJ-PC&#039;, ip: &#039;192.168.0.3&#039;, os.name: &#039;Windows 7&#039;, os.arch: &#039;amd64&#039;, os.version: &#039;6.1&#039;, java.version: &#039;1.8.0_151&#039;
Driver info: org.openqa.selenium.chrome.ChromeDriver
Capabilities [{networkConnectionEnabled=false, chrome={chromedriverVersion=78.0.3904.70 (edb9c9f3de0247fd912a77b7f6cae7447f6d3ad5-refs/branch-heads/3904@{#800}), userDataDir=C:\Users\RAJ\AppData\Local\Temp\scoped_dir6052_2064690478}, timeouts={implicit=0.0, pageLoad=300000.0, script=30000.0}, pageLoadStrategy=normal, unhandledPromptBehavior=dismiss and notify, strictFileInteractability=false, platform=ANY, proxy=Proxy(), goog:chromeOptions={debuggerAddress=localhost:1173}, acceptInsecureCerts=false, browserVersion=78.0.3904.108, browserName=chrome, javascriptEnabled=true, platformName=windows nt, setWindowRect=true}]
Session ID: 61d802ee7aeb98a2aaec0dcd361df4a0
*** Element info: {Using=xpath, value=//button[text()=&#039;Name&#039;]/following::span[6]}">
      <![CDATA[java.lang.AssertionError: Fail due to exception no such element: Unable to locate element: {"method":"xpath","selector":"//button[text()='Name']/following::span[6]"}
  (Session info: chrome=78.0.3904.108)
For documentation on this error, please visit: http://seleniumhq.org/exceptions/no_such_element.html
Build info: version: '3.4.0', revision: 'unknown', time: 'unknown'
System info: host: 'RAJ-PC', ip: '192.168.0.3', os.name: 'Windows 7', os.arch: 'amd64', os.version: '6.1', java.version: '1.8.0_151'
Driver info: org.openqa.selenium.chrome.ChromeDriver
Capabilities [{networkConnectionEnabled=false, chrome={chromedriverVersion=78.0.3904.70 (edb9c9f3de0247fd912a77b7f6cae7447f6d3ad5-refs/branch-heads/3904@{#800}), userDataDir=C:\Users\RAJ\AppData\Local\Temp\scoped_dir6052_2064690478}, timeouts={implicit=0.0, pageLoad=300000.0, script=30000.0}, pageLoadStrategy=normal, unhandledPromptBehavior=dismiss and notify, strictFileInteractability=false, platform=ANY, proxy=Proxy(), goog:chromeOptions={debuggerAddress=localhost:1173}, acceptInsecureCerts=false, browserVersion=78.0.3904.108, browserName=chrome, javascriptEnabled=true, platformName=windows nt, setWindowRect=true}]
Session ID: 61d802ee7aeb98a2aaec0dcd361df4a0
*** Element info: {Using=xpath, value=//button[text()='Name']/following::span[6]}
	at org.testng.Assert.fail(Assert.java:94)
	at ssms.SSMS_Automation.modules.AdminStateModulePage.updateDataCancel(AdminStateModulePage.java:435)
	at ssms.SSMS_Automation.testCase.AdminModule.Tc_Location_State_18_018(AdminModule.java:163)
	at sun.reflect.NativeMethodAccessorImpl.invoke0(Native Method)
	at sun.reflect.NativeMethodAccessorImpl.invoke(NativeMethodAccessorImpl.java:62)
	at sun.reflect.DelegatingMethodAccessorImpl.invoke(DelegatingMethodAccessorImpl.java:43)
	at java.lang.reflect.Method.invoke(Method.java:498)
	at org.testng.internal.MethodInvocationHelper.invokeMethod(MethodInvocationHelper.java:85)
	at org.testng.internal.Invoker.invokeMethod(Invoker.java:639)
	at org.testng.internal.Invoker.invokeTestMethod(Invoker.java:816)
	at org.testng.internal.Invoker.invokeTestMethods(Invoker.java:1124)
	at org.testng.internal.TestMethodWorker.invokeTestMethods(TestMethodWorker.java:125)
	at org.testng.internal.TestMethodWorker.run(TestMethodWorker.java:108)
	at org.testng.TestRunner.privateRun(TestRunner.java:774)
	at org.testng.TestRunner.run(TestRunner.java:624)
	at org.testng.SuiteRunner.runTest(SuiteRunner.java:359)
	at org.testng.SuiteRunner.runSequentially(SuiteRunner.java:354)
	at org.testng.SuiteRunner.privateRun(SuiteRunner.java:312)
	at org.testng.SuiteRunner.run(SuiteRunner.java:261)
	at org.testng.SuiteRunnerWorker.runSuite(SuiteRunnerWorker.java:52)
	at org.testng.SuiteRunnerWorker.run(SuiteRunnerWorker.java:86)
	at org.testng.TestNG.runSuitesSequentially(TestNG.java:1191)
	at org.testng.TestNG.runSuitesLocally(TestNG.java:1116)
	at org.testng.TestNG.run(TestNG.java:1024)
	at org.testng.remote.AbstractRemoteTestNG.run(AbstractRemoteTestNG.java:114)
	at org.testng.remote.RemoteTestNG.initAndRun(RemoteTestNG.java:251)
	at org.testng.remote.RemoteTestNG.main(RemoteTestNG.java:77)
]]>
    </failure>
  </testcase> <!-- Tc_Location_State_18_018 -->
  <testcase name="Tc_Location_Area_71_71" time="90.018" classname="ssms.SSMS_Automation.testCase.AdminModule"/>
  <testcase name="Tc_Location_State_23_023" time="68.393" classname="ssms.SSMS_Automation.testCase.AdminModule"/>
  <testcase name="Tc_Location_City_38_38" time="54.933" classname="ssms.SSMS_Automation.testCase.AdminModule"/>
  <testcase name="Tc_Location_Area_65_65" time="117.268" classname="ssms.SSMS_Automation.testCase.AdminModule"/>
  <testcase name="Tc_Location_State_01_001" time="45.308" classname="ssms.SSMS_Automation.testCase.AdminModule"/>
  <testcase name="Tc_Location_Area_52_52" time="53.936" classname="ssms.SSMS_Automation.testCase.AdminModule"/>
  <testcase name="Tc_Location_City_47_47" time="96.058" classname="ssms.SSMS_Automation.testCase.AdminModule"/>
  <testcase name="Tc_Location_State_22_022" time="85.731" classname="ssms.SSMS_Automation.testCase.AdminModule"/>
  <testcase name="Tc_Location_City_36_36" time="61.086" classname="ssms.SSMS_Automation.testCase.AdminModule"/>
  <testcase name="Tc_Location_State_09_009_duplicate" time="39.117" classname="ssms.SSMS_Automation.testCase.AdminModule"/>
  <testcase name="Tc_Location_State_20_020" time="40.505" classname="ssms.SSMS_Automation.testCase.AdminModule"/>
  <testcase name="Tc_Location_State_13_013" time="89.912" classname="ssms.SSMS_Automation.testCase.AdminModule"/>
  <testcase name="Tc_Location_City_46_46" time="95.882" classname="ssms.SSMS_Automation.testCase.AdminModule"/>
  <testcase name="Tc_Location_Area_59_59" time="103.804" classname="ssms.SSMS_Automation.testCase.AdminModule"/>
  <testcase name="Tc_Location_Area_54_54" time="65.506" classname="ssms.SSMS_Automation.testCase.AdminModule"/>
  <testcase name="Tc_Location_City_37_37" time="57.683" classname="ssms.SSMS_Automation.testCase.AdminModule"/>
  <testcase name="Tc_Location_state_03_003" time="53.865" classname="ssms.SSMS_Automation.testCase.AdminModule"/>
  <testcase name="Tc_Location_Area_72_72" time="58.208" classname="ssms.SSMS_Automation.testCase.AdminModule"/>
  <testcase name="Tc_Location_City_49_49" time="115.794" classname="ssms.SSMS_Automation.testCase.AdminModule"/>
  <testcase name="Tc_Location_State_19_019" time="66.929" classname="ssms.SSMS_Automation.testCase.AdminModule"/>
  <testcase name="Tc_Location_State_16_016" time="51.487" classname="ssms.SSMS_Automation.testCase.AdminModule"/>
  <testcase name="Tc_Location_State_02_002" time="99.948" classname="ssms.SSMS_Automation.testCase.AdminModule"/>
  <testcase name="Tc_Location_Area_53_53" time="54.815" classname="ssms.SSMS_Automation.testCase.AdminModule">
    <failure type="java.lang.AssertionError" message="Fail due to exception element click intercepted: Element &lt;span class=&quot;mat-option-text&quot;&gt;...&lt;/span&gt; is not clickable at point (484, 438). Other element would receive the click: &lt;div class=&quot;cdk-overlay-backdrop cdk-overlay-transparent-backdrop cdk-overlay-backdrop-showing&quot;&gt;&lt;/div&gt;
  (Session info: chrome=78.0.3904.108)
Build info: version: &#039;3.4.0&#039;, revision: &#039;unknown&#039;, time: &#039;unknown&#039;
System info: host: &#039;RAJ-PC&#039;, ip: &#039;192.168.0.3&#039;, os.name: &#039;Windows 7&#039;, os.arch: &#039;amd64&#039;, os.version: &#039;6.1&#039;, java.version: &#039;1.8.0_151&#039;
Driver info: org.openqa.selenium.chrome.ChromeDriver
Capabilities [{networkConnectionEnabled=false, chrome={chromedriverVersion=78.0.3904.70 (edb9c9f3de0247fd912a77b7f6cae7447f6d3ad5-refs/branch-heads/3904@{#800}), userDataDir=C:\Users\RAJ\AppData\Local\Temp\scoped_dir7552_220946438}, timeouts={implicit=0.0, pageLoad=300000.0, script=30000.0}, pageLoadStrategy=normal, unhandledPromptBehavior=dismiss and notify, strictFileInteractability=false, platform=ANY, proxy=Proxy(), goog:chromeOptions={debuggerAddress=localhost:4452}, acceptInsecureCerts=false, browserVersion=78.0.3904.108, browserName=chrome, javascriptEnabled=true, platformName=windows nt, setWindowRect=true}]
Session ID: c9b92f003a58e1c0c67df60991e2e1ac">
      <![CDATA[java.lang.AssertionError: Fail due to exception element click intercepted: Element <span class="mat-option-text">...</span> is not clickable at point (484, 438). Other element would receive the click: <div class="cdk-overlay-backdrop cdk-overlay-transparent-backdrop cdk-overlay-backdrop-showing"></div>
  (Session info: chrome=78.0.3904.108)
Build info: version: '3.4.0', revision: 'unknown', time: 'unknown'
System info: host: 'RAJ-PC', ip: '192.168.0.3', os.name: 'Windows 7', os.arch: 'amd64', os.version: '6.1', java.version: '1.8.0_151'
Driver info: org.openqa.selenium.chrome.ChromeDriver
Capabilities [{networkConnectionEnabled=false, chrome={chromedriverVersion=78.0.3904.70 (edb9c9f3de0247fd912a77b7f6cae7447f6d3ad5-refs/branch-heads/3904@{#800}), userDataDir=C:\Users\RAJ\AppData\Local\Temp\scoped_dir7552_220946438}, timeouts={implicit=0.0, pageLoad=300000.0, script=30000.0}, pageLoadStrategy=normal, unhandledPromptBehavior=dismiss and notify, strictFileInteractability=false, platform=ANY, proxy=Proxy(), goog:chromeOptions={debuggerAddress=localhost:4452}, acceptInsecureCerts=false, browserVersion=78.0.3904.108, browserName=chrome, javascriptEnabled=true, platformName=windows nt, setWindowRect=true}]
Session ID: c9b92f003a58e1c0c67df60991e2e1ac
	at org.testng.Assert.fail(Assert.java:94)
	at ssms.SSMS_Automation.modules.AdminCityModulePage.stateSelect(AdminCityModulePage.java:210)
	at ssms.SSMS_Automation.modules.AdminAreaModulePage.selectCityWithState(AdminAreaModulePage.java:144)
	at ssms.SSMS_Automation.testCase.AdminModule.Tc_Location_Area_53_53(AdminModule.java:539)
	at sun.reflect.NativeMethodAccessorImpl.invoke0(Native Method)
	at sun.reflect.NativeMethodAccessorImpl.invoke(NativeMethodAccessorImpl.java:62)
	at sun.reflect.DelegatingMethodAccessorImpl.invoke(DelegatingMethodAccessorImpl.java:43)
	at java.lang.reflect.Method.invoke(Method.java:498)
	at org.testng.internal.MethodInvocationHelper.invokeMethod(MethodInvocationHelper.java:85)
	at org.testng.internal.Invoker.invokeMethod(Invoker.java:639)
	at org.testng.internal.Invoker.invokeTestMethod(Invoker.java:816)
	at org.testng.internal.Invoker.invokeTestMethods(Invoker.java:1124)
	at org.testng.internal.TestMethodWorker.invokeTestMethods(TestMethodWorker.java:125)
	at org.testng.internal.TestMethodWorker.run(TestMethodWorker.java:108)
	at org.testng.TestRunner.privateRun(TestRunner.java:774)
	at org.testng.TestRunner.run(TestRunner.java:624)
	at org.testng.SuiteRunner.runTest(SuiteRunner.java:359)
	at org.testng.SuiteRunner.runSequentially(SuiteRunner.java:354)
	at org.testng.SuiteRunner.privateRun(SuiteRunner.java:312)
	at org.testng.SuiteRunner.run(SuiteRunner.java:261)
	at org.testng.SuiteRunnerWorker.runSuite(SuiteRunnerWorker.java:52)
	at org.testng.SuiteRunnerWorker.run(SuiteRunnerWorker.java:86)
	at org.testng.TestNG.runSuitesSequentially(TestNG.java:1191)
	at org.testng.TestNG.runSuitesLocally(TestNG.java:1116)
	at org.testng.TestNG.run(TestNG.java:1024)
	at org.testng.remote.AbstractRemoteTestNG.run(AbstractRemoteTestNG.java:114)
	at org.testng.remote.RemoteTestNG.initAndRun(RemoteTestNG.java:251)
	at org.testng.remote.RemoteTestNG.main(RemoteTestNG.java:77)
]]>
    </failure>
  </testcase> <!-- Tc_Location_Area_53_53 -->
  <testcase name="Tc_Location_City_45_45" time="63.604" classname="ssms.SSMS_Automation.testCase.AdminModule"/>
  <testcase name="Tc_Location_City_33_33" time="63.803" classname="ssms.SSMS_Automation.testCase.AdminModule"/>
  <testcase name="Tc_Location_State_25_025" time="67.332" classname="ssms.SSMS_Automation.testCase.AdminModule"/>
  <testcase name="Tc_Location_City_27_027" time="90.284" classname="ssms.SSMS_Automation.testCase.AdminModule"/>
  <testcase name="Tc_Location_Area_51_51" time="55.053" classname="ssms.SSMS_Automation.testCase.AdminModule"/>
  <testcase name="Tc_Location_Area_62_62" time="52.441" classname="ssms.SSMS_Automation.testCase.AdminModule"/>
  <testcase name="Tc_Location_State_24_024" time="70.593" classname="ssms.SSMS_Automation.testCase.AdminModule"/>
  <testcase name="Tc_Location_Area_56_56" time="52.293" classname="ssms.SSMS_Automation.testCase.AdminModule"/>
  <testcase name="Tc_Location_Area_60_60" time="72.312" classname="ssms.SSMS_Automation.testCase.AdminModule"/>
</testsuite> <!-- ssms.SSMS_Automation.testCase.AdminModule -->
