<?xml version="1.0" encoding="UTF-8"?>
<!-- Generated by org.testng.reporters.JUnitXMLReporter -->
<testsuite hostname="RAJ-PC" name="Test" tests="3" failures="1" timestamp="4 Dec 2019 13:55:45 GMT" time="42.833" errors="0">
  <testcase name="Tc_Login_001" time="1.613" classname="ssms.SSMS_Automation.testCase.LoginRegistration">
    <failure type="java.lang.AssertionError" message="Fail due to exception no such element: Unable to locate element: {&amp;quot;method&amp;quot;:&amp;quot;xpath&amp;quot;,&amp;quot;selector&amp;quot;:&amp;quot;//*[contains(text(),&amp;apos;Hello&amp;apos;)]&amp;quot;}
  (Session info: chrome=78.0.3904.108)
For documentation on this error, please visit: http://seleniumhq.org/exceptions/no_such_element.html
Build info: version: &amp;apos;3.4.0&amp;apos;, revision: &amp;apos;unknown&amp;apos;, time: &amp;apos;unknown&amp;apos;
System info: host: &amp;apos;RAJ-PC&amp;apos;, ip: &amp;apos;192.168.0.3&amp;apos;, os.name: &amp;apos;Windows 7&amp;apos;, os.arch: &amp;apos;amd64&amp;apos;, os.version: &amp;apos;6.1&amp;apos;, java.version: &amp;apos;1.8.0_151&amp;apos;
Driver info: org.openqa.selenium.chrome.ChromeDriver
Capabilities [{networkConnectionEnabled=false, chrome={chromedriverVersion=78.0.3904.70 (edb9c9f3de0247fd912a77b7f6cae7447f6d3ad5-refs/branch-heads/3904@{#800}), userDataDir=C:\Users\RAJ\AppData\Local\Temp\scoped_dir7076_1825708364}, timeouts={implicit=0.0, pageLoad=300000.0, script=30000.0}, pageLoadStrategy=normal, unhandledPromptBehavior=dismiss and notify, strictFileInteractability=false, platform=ANY, proxy=Proxy(), goog:chromeOptions={debuggerAddress=localhost:13691}, acceptInsecureCerts=false, browserVersion=78.0.3904.108, browserName=chrome, javascriptEnabled=true, platformName=windows nt, setWindowRect=true}]
Session ID: 56cfdede23f28588f29fb02845d367f9
*** Element info: {Using=xpath, value=//*[contains(text(),&amp;apos;Hello&amp;apos;)]}">
      <![CDATA[java.lang.AssertionError: Fail due to exception no such element: Unable to locate element: {"method":"xpath","selector":"//*[contains(text(),'Hello')]"}
  (Session info: chrome=78.0.3904.108)
For documentation on this error, please visit: http://seleniumhq.org/exceptions/no_such_element.html
Build info: version: '3.4.0', revision: 'unknown', time: 'unknown'
System info: host: 'RAJ-PC', ip: '192.168.0.3', os.name: 'Windows 7', os.arch: 'amd64', os.version: '6.1', java.version: '1.8.0_151'
Driver info: org.openqa.selenium.chrome.ChromeDriver
Capabilities [{networkConnectionEnabled=false, chrome={chromedriverVersion=78.0.3904.70 (edb9c9f3de0247fd912a77b7f6cae7447f6d3ad5-refs/branch-heads/3904@{#800}), userDataDir=C:\Users\RAJ\AppData\Local\Temp\scoped_dir7076_1825708364}, timeouts={implicit=0.0, pageLoad=300000.0, script=30000.0}, pageLoadStrategy=normal, unhandledPromptBehavior=dismiss and notify, strictFileInteractability=false, platform=ANY, proxy=Proxy(), goog:chromeOptions={debuggerAddress=localhost:13691}, acceptInsecureCerts=false, browserVersion=78.0.3904.108, browserName=chrome, javascriptEnabled=true, platformName=windows nt, setWindowRect=true}]
Session ID: 56cfdede23f28588f29fb02845d367f9
*** Element info: {Using=xpath, value=//*[contains(text(),'Hello')]}
	at ssms.SSMS_Automation.modules.HomePage.logOut(HomePage.java:19)
	at ssms.SSMS_Automation.testCase.LoginRegistration.Tc_Login_001(LoginRegistration.java:19)
... Removed 25 stack frames]]>
    </failure>
  </testcase> <!-- Tc_Login_001 -->
  <testcase name="Tc_Login_002" time="2.832" classname="ssms.SSMS_Automation.testCase.LoginRegistration"/>
  <testcase name="Tc_Login_003" time="2.411" classname="ssms.SSMS_Automation.testCase.LoginRegistration"/>
</testsuite> <!-- Test -->
